presentation/build/intermediates/manifest_merge_blame_file/debug/manifest-merger-blame-debug-report.txt
1<?xml version="1.0" encoding="utf-8"?>
2<manifest xmlns:android="http://schemas.android.com/apk/res/android"
3    package="com.eduardo.fonseca.testyape"
4    android:versionCode="1"
5    android:versionName="1.0" >
6
7    <uses-sdk
8        android:minSdkVersion="21"
8-->src\main\AndroidManifest.xml
9        android:targetSdkVersion="33" />
9-->src\main\AndroidManifest.xml
10
11    <uses-permission android:name="android.permission.INTERNET" />
11-->src\main\AndroidManifest.xml:5:5-67
11-->src\main\AndroidManifest.xml:5:22-64
12
13    <!-- Include required permissions for Google Maps API to run. -->
14    <uses-permission android:name="android.permission.ACCESS_NETWORK_STATE" />
14-->[com.google.android.gms:play-services-maps:18.1.0] AndroidManifest.xml:23:5-79
14-->[com.google.android.gms:play-services-maps:18.1.0] AndroidManifest.xml:23:22-76
15
16    <uses-feature
16-->[com.google.android.gms:play-services-maps:18.1.0] AndroidManifest.xml:26:5-28:35
17        android:glEsVersion="0x00020000"
17-->[com.google.android.gms:play-services-maps:18.1.0] AndroidManifest.xml:27:9-41
18        android:required="true" />
18-->[com.google.android.gms:play-services-maps:18.1.0] AndroidManifest.xml:28:9-32
19
20    <queries>
20-->[com.google.android.gms:play-services-maps:18.1.0] AndroidManifest.xml:30:5-34:15
21
22        <!-- Needs to be explicitly declared on Android R+ -->
23        <package android:name="com.google.android.apps.maps" />
23-->[com.google.android.gms:play-services-maps:18.1.0] AndroidManifest.xml:33:9-64
23-->[com.google.android.gms:play-services-maps:18.1.0] AndroidManifest.xml:33:18-61
24    </queries>
25
26    <permission
26-->[androidx.core:core:1.9.0] AndroidManifest.xml:22:5-24:47
27        android:name="com.eduardo.fonseca.testyape.DYNAMIC_RECEIVER_NOT_EXPORTED_PERMISSION"
27-->[androidx.core:core:1.9.0] AndroidManifest.xml:23:9-81
28        android:protectionLevel="signature" />
28-->[androidx.core:core:1.9.0] AndroidManifest.xml:24:9-44
29
30    <uses-permission android:name="com.eduardo.fonseca.testyape.DYNAMIC_RECEIVER_NOT_EXPORTED_PERMISSION" /> <!-- Permission will be merged into the manifest of the hosting app. -->
30-->[androidx.core:core:1.9.0] AndroidManifest.xml:26:5-97
30-->[androidx.core:core:1.9.0] AndroidManifest.xml:26:22-94
31    <!-- Is required to launch foreground extraction service for targetSdkVersion 28+. -->
32    <uses-permission android:name="android.permission.FOREGROUND_SERVICE" />
32-->[com.google.android.play:core:1.9.1] AndroidManifest.xml:8:3-74
32-->[com.google.android.play:core:1.9.1] AndroidManifest.xml:8:20-72
33
34    <application
34-->src\main\AndroidManifest.xml:7:5-34:19
35        android:name="com.eduardo.fonseca.testyape.base.ApplicationBase"
35-->src\main\AndroidManifest.xml:8:9-45
36        android:allowBackup="true"
36-->src\main\AndroidManifest.xml:9:9-35
37        android:appComponentFactory="androidx.core.app.CoreComponentFactory"
37-->[androidx.core:core:1.9.0] AndroidManifest.xml:28:18-86
38        android:dataExtractionRules="@xml/data_extraction_rules"
38-->src\main\AndroidManifest.xml:10:9-65
39        android:debuggable="true"
40        android:fullBackupContent="@xml/backup_rules"
40-->src\main\AndroidManifest.xml:11:9-54
41        android:icon="@mipmap/ic_launcher"
41-->src\main\AndroidManifest.xml:12:9-43
42        android:label="@string/app_name"
42-->src\main\AndroidManifest.xml:13:9-41
43        android:roundIcon="@mipmap/ic_launcher_round"
43-->src\main\AndroidManifest.xml:14:9-54
44        android:supportsRtl="true"
44-->src\main\AndroidManifest.xml:15:9-35
45        android:testOnly="true"
46        android:theme="@style/Theme.TestYape" >
46-->src\main\AndroidManifest.xml:16:9-46
47        <meta-data
47-->src\main\AndroidManifest.xml:18:9-20:71
48            android:name="com.google.android.geo.API_KEY"
48-->src\main\AndroidManifest.xml:19:13-58
49            android:value="AIzaSyCUdGL5psPUznf00VjL0KPFnJX6NRZwfMc" />
49-->src\main\AndroidManifest.xml:20:13-68
50
51        <activity
51-->src\main\AndroidManifest.xml:21:9-33:20
52            android:name="com.eduardo.fonseca.testyape.ui.MainActivity"
52-->src\main\AndroidManifest.xml:22:13-44
53            android:exported="true" >
53-->src\main\AndroidManifest.xml:23:13-36
54            <intent-filter>
54-->src\main\AndroidManifest.xml:24:13-28:29
55                <action android:name="android.intent.action.MAIN" />
55-->src\main\AndroidManifest.xml:25:17-69
55-->src\main\AndroidManifest.xml:25:25-66
56
57                <category android:name="android.intent.category.LAUNCHER" />
57-->src\main\AndroidManifest.xml:27:17-77
57-->src\main\AndroidManifest.xml:27:27-74
58            </intent-filter>
59
60            <meta-data
60-->src\main\AndroidManifest.xml:30:13-32:36
61                android:name="android.app.lib_name"
61-->src\main\AndroidManifest.xml:31:17-52
62                android:value="" />
62-->src\main\AndroidManifest.xml:32:17-33
63        </activity>
64        <!-- Needs to be explicitly declared on P+ -->
65        <uses-library
65-->[com.google.android.gms:play-services-maps:18.1.0] AndroidManifest.xml:39:9-41:40
66            android:name="org.apache.http.legacy"
66-->[com.google.android.gms:play-services-maps:18.1.0] AndroidManifest.xml:40:13-50
67            android:required="false" />
67-->[com.google.android.gms:play-services-maps:18.1.0] AndroidManifest.xml:41:13-37
68
69        <activity
69-->[com.google.android.gms:play-services-base:18.0.1] AndroidManifest.xml:20:9-22:45
70            android:name="com.google.android.gms.common.api.GoogleApiActivity"
70-->[com.google.android.gms:play-services-base:18.0.1] AndroidManifest.xml:20:19-85
71            android:exported="false"
71-->[com.google.android.gms:play-services-base:18.0.1] AndroidManifest.xml:22:19-43
72            android:theme="@android:style/Theme.Translucent.NoTitleBar" />
72-->[com.google.android.gms:play-services-base:18.0.1] AndroidManifest.xml:21:19-78
73
74        <meta-data
74-->[com.google.android.gms:play-services-basement:18.0.0] AndroidManifest.xml:21:9-23:69
75            android:name="com.google.android.gms.version"
75-->[com.google.android.gms:play-services-basement:18.0.0] AndroidManifest.xml:22:13-58
76            android:value="@integer/google_play_services_version" />
76-->[com.google.android.gms:play-services-basement:18.0.0] AndroidManifest.xml:23:13-66
77
78        <provider
78-->[androidx.emoji2:emoji2:1.2.0] AndroidManifest.xml:24:9-32:20
79            android:name="androidx.startup.InitializationProvider"
79-->[androidx.emoji2:emoji2:1.2.0] AndroidManifest.xml:25:13-67
80            android:authorities="com.eduardo.fonseca.testyape.androidx-startup"
80-->[androidx.emoji2:emoji2:1.2.0] AndroidManifest.xml:26:13-68
81            android:exported="false" >
81-->[androidx.emoji2:emoji2:1.2.0] AndroidManifest.xml:27:13-37
82            <meta-data
82-->[androidx.emoji2:emoji2:1.2.0] AndroidManifest.xml:29:13-31:52
83                android:name="androidx.emoji2.text.EmojiCompatInitializer"
83-->[androidx.emoji2:emoji2:1.2.0] AndroidManifest.xml:30:17-75
84                android:value="androidx.startup" />
84-->[androidx.emoji2:emoji2:1.2.0] AndroidManifest.xml:31:17-49
85            <meta-data
85-->[androidx.lifecycle:lifecycle-process:2.4.1] AndroidManifest.xml:31:13-33:52
86                android:name="androidx.lifecycle.ProcessLifecycleInitializer"
86-->[androidx.lifecycle:lifecycle-process:2.4.1] AndroidManifest.xml:32:17-78
87                android:value="androidx.startup" />
87-->[androidx.lifecycle:lifecycle-process:2.4.1] AndroidManifest.xml:33:17-49
88            <meta-data
88-->[androidx.profileinstaller:profileinstaller:1.0.1] AndroidManifest.xml:31:13-33:52
89                android:name="androidx.profileinstaller.ProfileInstallerInitializer"
89-->[androidx.profileinstaller:profileinstaller:1.0.1] AndroidManifest.xml:32:17-85
90                android:value="androidx.startup" />
90-->[androidx.profileinstaller:profileinstaller:1.0.1] AndroidManifest.xml:33:17-49
91        </provider>
92
93        <receiver
93-->[androidx.profileinstaller:profileinstaller:1.0.1] AndroidManifest.xml:36:9-45:20
94            android:name="androidx.profileinstaller.ProfileInstallReceiver"
94-->[androidx.profileinstaller:profileinstaller:1.0.1] AndroidManifest.xml:37:13-76
95            android:directBootAware="false"
95-->[androidx.profileinstaller:profileinstaller:1.0.1] AndroidManifest.xml:38:13-44
96            android:enabled="true"
96-->[androidx.profileinstaller:profileinstaller:1.0.1] AndroidManifest.xml:39:13-35
97            android:exported="true"
97-->[androidx.profileinstaller:profileinstaller:1.0.1] AndroidManifest.xml:40:13-36
98            android:permission="android.permission.DUMP" >
98-->[androidx.profileinstaller:profileinstaller:1.0.1] AndroidManifest.xml:41:13-57
99            <intent-filter>
99-->[androidx.profileinstaller:profileinstaller:1.0.1] AndroidManifest.xml:42:13-44:29
100                <action android:name="androidx.profileinstaller.action.INSTALL_PROFILE" />
100-->[androidx.profileinstaller:profileinstaller:1.0.1] AndroidManifest.xml:43:17-91
100-->[androidx.profileinstaller:profileinstaller:1.0.1] AndroidManifest.xml:43:25-88
101            </intent-filter>
102        </receiver> <!-- The activities will be merged into the manifest of the hosting app. -->
103        <activity
103-->[com.google.android.play:core:1.9.1] AndroidManifest.xml:12:5-271
104            android:name="com.google.android.play.core.missingsplits.PlayCoreMissingSplitsActivity"
104-->[com.google.android.play:core:1.9.1] AndroidManifest.xml:12:15-102
105            android:enabled="false"
105-->[com.google.android.play:core:1.9.1] AndroidManifest.xml:12:103-126
106            android:exported="false"
106-->[com.google.android.play:core:1.9.1] AndroidManifest.xml:12:127-151
107            android:launchMode="singleInstance"
107-->[com.google.android.play:core:1.9.1] AndroidManifest.xml:12:204-239
108            android:process=":playcore_missing_splits_activity"
108-->[com.google.android.play:core:1.9.1] AndroidManifest.xml:12:152-203
109            android:stateNotNeeded="true" />
109-->[com.google.android.play:core:1.9.1] AndroidManifest.xml:12:240-269
110        <activity
110-->[com.google.android.play:core:1.9.1] AndroidManifest.xml:13:5-226
111            android:name="com.google.android.play.core.common.PlayCoreDialogWrapperActivity"
111-->[com.google.android.play:core:1.9.1] AndroidManifest.xml:13:15-95
112            android:enabled="false"
112-->[com.google.android.play:core:1.9.1] AndroidManifest.xml:13:96-119
113            android:exported="false"
113-->[com.google.android.play:core:1.9.1] AndroidManifest.xml:13:120-144
114            android:stateNotNeeded="true"
114-->[com.google.android.play:core:1.9.1] AndroidManifest.xml:13:145-174
115            android:theme="@style/Theme.PlayCore.Transparent" /> <!-- The services will be merged into the manifest of the hosting app. -->
115-->[com.google.android.play:core:1.9.1] AndroidManifest.xml:13:175-224
116        <service
116-->[com.google.android.play:core:1.9.1] AndroidManifest.xml:16:5-18:15
117            android:name="com.google.android.play.core.assetpacks.AssetPackExtractionService"
117-->[com.google.android.play:core:1.9.1] AndroidManifest.xml:16:14-95
118            android:enabled="false"
118-->[com.google.android.play:core:1.9.1] AndroidManifest.xml:16:96-119
119            android:exported="true" >
119-->[com.google.android.play:core:1.9.1] AndroidManifest.xml:16:120-143
120            <meta-data
120-->[com.google.android.play:core:1.9.1] AndroidManifest.xml:17:7-108
121                android:name="com.google.android.play.core.assetpacks.versionCode"
121-->[com.google.android.play:core:1.9.1] AndroidManifest.xml:17:18-84
122                android:value="10901" />
122-->[com.google.android.play:core:1.9.1] AndroidManifest.xml:17:85-106
123        </service>
124        <service
124-->[com.google.android.play:core:1.9.1] AndroidManifest.xml:19:5-147
125            android:name="com.google.android.play.core.assetpacks.ExtractionForegroundService"
125-->[com.google.android.play:core:1.9.1] AndroidManifest.xml:19:14-96
126            android:enabled="false"
126-->[com.google.android.play:core:1.9.1] AndroidManifest.xml:19:97-120
127            android:exported="false" />
127-->[com.google.android.play:core:1.9.1] AndroidManifest.xml:19:121-145
128    </application>
129
130</manifest>